2025-10-02 20:10:40.500  INFO 55481 --- [           main] c.m.s.i.DefaultSpringAppPreInitializer   : Spring 应用启动前置初始化程序! applicationContext = org.springframework.boot.web.servlet.context.AnnotationConfigServletWebServerApplicationContext@b672aa8, started on Thu Jan 01 08:00:00 CST 1970
2025-10-02 20:10:40.503  INFO 55481 --- [           main] com.makebk.server.Application            : Starting Application using Java 21.0.8 with PID 55481 (/Users/gme/development/kotlin/magicDog/modules/server/build/classes/kotlin/main started by gme in /Users/gme/development/kotlin/magicDog/modules/server)
2025-10-02 20:10:40.504 DEBUG 55481 --- [           main] com.makebk.server.Application            : Running with Spring Boot v3.5.6, Spring v6.2.11
2025-10-02 20:10:40.504  INFO 55481 --- [           main] com.makebk.server.Application            : The following 1 profile is active: "dev"
2025-10-02 20:10:41.312  INFO 55481 --- [           main] org.redisson.Version                     : Redisson 3.44.0
2025-10-02 20:10:41.340  WARN 55481 --- [           main] i.n.r.d.DnsServerAddressStreamProviders  : Can not find io.netty.resolver.dns.macos.MacOSDnsServerAddressStreamProvider in the classpath, fallback to system defaults. This may result in incorrect DNS resolutions on MacOS. Check whether you have a dependency on 'io.netty:netty-resolver-dns-native-macos'
2025-10-02 20:12:22.021  INFO 55735 --- [           main] c.m.s.i.DefaultSpringAppPreInitializer   : Spring 应用启动前置初始化程序! applicationContext = org.springframework.boot.web.servlet.context.AnnotationConfigServletWebServerApplicationContext@b672aa8, started on Thu Jan 01 08:00:00 CST 1970
2025-10-02 20:12:22.023  INFO 55735 --- [           main] com.makebk.server.Application            : Starting Application using Java 21.0.8 with PID 55735 (/Users/gme/development/kotlin/magicDog/modules/server/build/classes/kotlin/main started by gme in /Users/gme/development/kotlin/magicDog/modules/server)
2025-10-02 20:12:22.023 DEBUG 55735 --- [           main] com.makebk.server.Application            : Running with Spring Boot v3.5.6, Spring v6.2.11
2025-10-02 20:12:22.024  INFO 55735 --- [           main] com.makebk.server.Application            : The following 1 profile is active: "dev"
2025-10-02 20:12:22.963  INFO 55735 --- [           main] org.redisson.Version                     : Redisson 3.44.0
2025-10-02 20:12:22.996  WARN 55735 --- [           main] i.n.r.d.DnsServerAddressStreamProviders  : Can not find io.netty.resolver.dns.macos.MacOSDnsServerAddressStreamProvider in the classpath, fallback to system defaults. This may result in incorrect DNS resolutions on MacOS. Check whether you have a dependency on 'io.netty:netty-resolver-dns-native-macos'
2025-10-02 20:13:31.535  INFO 55870 --- [           main] c.m.s.i.DefaultSpringAppPreInitializer   : Spring 应用启动前置初始化程序! applicationContext = org.springframework.boot.web.servlet.context.AnnotationConfigServletWebServerApplicationContext@5db4c359, started on Thu Jan 01 08:00:00 CST 1970
2025-10-02 20:13:31.538  INFO 55870 --- [           main] com.makebk.server.Application            : Starting Application using Java 21.0.8 with PID 55870 (/Users/gme/development/kotlin/magicDog/modules/server/build/classes/kotlin/main started by gme in /Users/gme/development/kotlin/magicDog/modules/server)
2025-10-02 20:13:31.538 DEBUG 55870 --- [           main] com.makebk.server.Application            : Running with Spring Boot v3.5.6, Spring v6.2.11
2025-10-02 20:13:31.539  INFO 55870 --- [           main] com.makebk.server.Application            : The following 1 profile is active: "dev"
2025-10-02 20:13:32.617  INFO 55870 --- [           main] org.redisson.Version                     : Redisson 3.44.0
2025-10-02 20:13:32.647  WARN 55870 --- [           main] i.n.r.d.DnsServerAddressStreamProviders  : Can not find io.netty.resolver.dns.macos.MacOSDnsServerAddressStreamProvider in the classpath, fallback to system defaults. This may result in incorrect DNS resolutions on MacOS. Check whether you have a dependency on 'io.netty:netty-resolver-dns-native-macos'
2025-10-02 20:14:30.735  INFO 56070 --- [           main] c.m.s.i.DefaultSpringAppPreInitializer   : Spring 应用启动前置初始化程序! applicationContext = org.springframework.boot.web.servlet.context.AnnotationConfigServletWebServerApplicationContext@b672aa8, started on Thu Jan 01 08:00:00 CST 1970
2025-10-02 20:14:30.737  INFO 56070 --- [           main] com.makebk.server.Application            : Starting Application using Java 21.0.8 with PID 56070 (/Users/gme/development/kotlin/magicDog/modules/server/build/classes/kotlin/main started by gme in /Users/gme/development/kotlin/magicDog/modules/server)
2025-10-02 20:14:30.737 DEBUG 56070 --- [           main] com.makebk.server.Application            : Running with Spring Boot v3.5.6, Spring v6.2.11
2025-10-02 20:14:30.737  INFO 56070 --- [           main] com.makebk.server.Application            : The following 1 profile is active: "dev"
2025-10-02 20:14:31.580  INFO 56070 --- [           main] org.redisson.Version                     : Redisson 3.44.0
2025-10-02 20:14:31.615  WARN 56070 --- [           main] i.n.r.d.DnsServerAddressStreamProviders  : Can not find io.netty.resolver.dns.macos.MacOSDnsServerAddressStreamProvider in the classpath, fallback to system defaults. This may result in incorrect DNS resolutions on MacOS. Check whether you have a dependency on 'io.netty:netty-resolver-dns-native-macos'
2025-10-02 20:16:14.215  INFO 56289 --- [           main] c.m.s.i.DefaultSpringAppPreInitializer   : Spring 应用启动前置初始化程序! applicationContext = org.springframework.boot.web.servlet.context.AnnotationConfigServletWebServerApplicationContext@b672aa8, started on Thu Jan 01 08:00:00 CST 1970
2025-10-02 20:16:14.216  INFO 56289 --- [           main] com.makebk.server.Application            : Starting Application using Java 21.0.8 with PID 56289 (/Users/gme/development/kotlin/magicDog/modules/server/build/classes/kotlin/main started by gme in /Users/gme/development/kotlin/magicDog/modules/server)
2025-10-02 20:16:14.217 DEBUG 56289 --- [           main] com.makebk.server.Application            : Running with Spring Boot v3.5.6, Spring v6.2.11
2025-10-02 20:16:14.217  INFO 56289 --- [           main] com.makebk.server.Application            : The following 1 profile is active: "dev"
2025-10-02 20:16:15.225  INFO 56289 --- [           main] org.redisson.Version                     : Redisson 3.44.0
2025-10-02 20:16:15.268  WARN 56289 --- [           main] i.n.r.d.DnsServerAddressStreamProviders  : Can not find io.netty.resolver.dns.macos.MacOSDnsServerAddressStreamProvider in the classpath, fallback to system defaults. This may result in incorrect DNS resolutions on MacOS. Check whether you have a dependency on 'io.netty:netty-resolver-dns-native-macos'
2025-10-02 20:18:32.488  INFO 56833 --- [           main] c.m.s.i.DefaultSpringAppPreInitializer   : Spring 应用启动前置初始化程序! applicationContext = org.springframework.boot.web.servlet.context.AnnotationConfigServletWebServerApplicationContext@72f46e16, started on Thu Jan 01 08:00:00 CST 1970
2025-10-02 20:18:32.489  INFO 56833 --- [           main] com.makebk.server.Application            : Starting Application using Java 21.0.8 with PID 56833 (/Users/gme/development/kotlin/magicDog/modules/server/build/classes/kotlin/main started by gme in /Users/gme/development/kotlin/magicDog/modules/server)
2025-10-02 20:18:32.490 DEBUG 56833 --- [           main] com.makebk.server.Application            : Running with Spring Boot v3.5.6, Spring v6.2.11
2025-10-02 20:18:32.490  INFO 56833 --- [           main] com.makebk.server.Application            : The following 1 profile is active: "dev"
2025-10-02 20:18:33.461  INFO 56833 --- [           main] org.redisson.Version                     : Redisson 3.44.0
2025-10-02 20:18:33.495  WARN 56833 --- [           main] i.n.r.d.DnsServerAddressStreamProviders  : Can not find io.netty.resolver.dns.macos.MacOSDnsServerAddressStreamProvider in the classpath, fallback to system defaults. This may result in incorrect DNS resolutions on MacOS. Check whether you have a dependency on 'io.netty:netty-resolver-dns-native-macos'
2025-10-02 20:20:02.008  INFO 57003 --- [           main] c.m.s.i.DefaultSpringAppPreInitializer   : Spring 应用启动前置初始化程序! applicationContext = org.springframework.boot.web.servlet.context.AnnotationConfigServletWebServerApplicationContext@b672aa8, started on Thu Jan 01 08:00:00 CST 1970
2025-10-02 20:20:02.010  INFO 57003 --- [           main] com.makebk.server.Application            : Starting Application using Java 21.0.8 with PID 57003 (/Users/gme/development/kotlin/magicDog/modules/server/build/classes/kotlin/main started by gme in /Users/gme/development/kotlin/magicDog/modules/server)
2025-10-02 20:20:02.010 DEBUG 57003 --- [           main] com.makebk.server.Application            : Running with Spring Boot v3.5.6, Spring v6.2.11
2025-10-02 20:20:02.011  INFO 57003 --- [           main] com.makebk.server.Application            : The following 1 profile is active: "dev"
2025-10-02 20:20:03.015  INFO 57003 --- [           main] org.redisson.Version                     : Redisson 3.44.0
2025-10-02 20:20:03.052  WARN 57003 --- [           main] i.n.r.d.DnsServerAddressStreamProviders  : Can not find io.netty.resolver.dns.macos.MacOSDnsServerAddressStreamProvider in the classpath, fallback to system defaults. This may result in incorrect DNS resolutions on MacOS. Check whether you have a dependency on 'io.netty:netty-resolver-dns-native-macos'
2025-10-02 20:21:27.437  INFO 57226 --- [           main] c.m.s.i.DefaultSpringAppPreInitializer   : Spring 应用启动前置初始化程序! applicationContext = org.springframework.boot.web.servlet.context.AnnotationConfigServletWebServerApplicationContext@b672aa8, started on Thu Jan 01 08:00:00 CST 1970
2025-10-02 20:21:27.439  INFO 57226 --- [           main] com.makebk.server.Application            : Starting Application using Java 21.0.8 with PID 57226 (/Users/gme/development/kotlin/magicDog/modules/server/build/classes/kotlin/main started by gme in /Users/gme/development/kotlin/magicDog/modules/server)
2025-10-02 20:21:27.439 DEBUG 57226 --- [           main] com.makebk.server.Application            : Running with Spring Boot v3.5.6, Spring v6.2.11
2025-10-02 20:21:27.439  INFO 57226 --- [           main] com.makebk.server.Application            : The following 1 profile is active: "dev"
2025-10-02 20:21:28.519  INFO 57226 --- [           main] org.redisson.Version                     : Redisson 3.44.0
2025-10-02 20:21:28.554  WARN 57226 --- [           main] i.n.r.d.DnsServerAddressStreamProviders  : Can not find io.netty.resolver.dns.macos.MacOSDnsServerAddressStreamProvider in the classpath, fallback to system defaults. This may result in incorrect DNS resolutions on MacOS. Check whether you have a dependency on 'io.netty:netty-resolver-dns-native-macos'
2025-10-02 20:21:59.617  INFO 57318 --- [           main] c.m.s.i.DefaultSpringAppPreInitializer   : Spring 应用启动前置初始化程序! applicationContext = org.springframework.boot.web.servlet.context.AnnotationConfigServletWebServerApplicationContext@b672aa8, started on Thu Jan 01 08:00:00 CST 1970
2025-10-02 20:21:59.619  INFO 57318 --- [           main] com.makebk.server.Application            : Starting Application using Java 21.0.8 with PID 57318 (/Users/gme/development/kotlin/magicDog/modules/server/build/classes/kotlin/main started by gme in /Users/gme/development/kotlin/magicDog/modules/server)
2025-10-02 20:21:59.619 DEBUG 57318 --- [           main] com.makebk.server.Application            : Running with Spring Boot v3.5.6, Spring v6.2.11
2025-10-02 20:21:59.619  INFO 57318 --- [           main] com.makebk.server.Application            : The following 1 profile is active: "dev"
2025-10-02 20:22:40.382  INFO 57472 --- [           main] c.m.s.i.DefaultSpringAppPreInitializer   : Spring 应用启动前置初始化程序! applicationContext = org.springframework.boot.web.servlet.context.AnnotationConfigServletWebServerApplicationContext@664a9613, started on Thu Jan 01 08:00:00 CST 1970
2025-10-02 20:22:40.384  INFO 57472 --- [           main] com.makebk.server.Application            : Starting Application using Java 21.0.8 with PID 57472 (/Users/gme/development/kotlin/magicDog/modules/server/build/classes/kotlin/main started by gme in /Users/gme/development/kotlin/magicDog/modules/server)
2025-10-02 20:22:40.384 DEBUG 57472 --- [           main] com.makebk.server.Application            : Running with Spring Boot v3.5.6, Spring v6.2.11
2025-10-02 20:22:40.384  INFO 57472 --- [           main] com.makebk.server.Application            : The following 1 profile is active: "dev"
2025-10-02 20:24:16.571  INFO 57765 --- [           main] c.m.s.i.DefaultSpringAppPreInitializer   : Spring 应用启动前置初始化程序! applicationContext = org.springframework.boot.web.servlet.context.AnnotationConfigServletWebServerApplicationContext@b672aa8, started on Thu Jan 01 08:00:00 CST 1970
2025-10-02 20:24:16.572  INFO 57765 --- [           main] com.makebk.server.Application            : Starting Application using Java 21.0.8 with PID 57765 (/Users/gme/development/kotlin/magicDog/modules/server/build/classes/kotlin/main started by gme in /Users/gme/development/kotlin/magicDog/modules/server)
2025-10-02 20:24:16.572 DEBUG 57765 --- [           main] com.makebk.server.Application            : Running with Spring Boot v3.5.6, Spring v6.2.11
2025-10-02 20:24:16.572  INFO 57765 --- [           main] com.makebk.server.Application            : The following 1 profile is active: "dev"
2025-10-02 20:24:45.730  INFO 57906 --- [           main] c.m.s.i.DefaultSpringAppPreInitializer   : Spring 应用启动前置初始化程序! applicationContext = org.springframework.boot.web.servlet.context.AnnotationConfigServletWebServerApplicationContext@b672aa8, started on Thu Jan 01 08:00:00 CST 1970
2025-10-02 20:24:45.731  INFO 57906 --- [           main] com.makebk.server.Application            : Starting Application using Java 21.0.8 with PID 57906 (/Users/gme/development/kotlin/magicDog/modules/server/build/classes/kotlin/main started by gme in /Users/gme/development/kotlin/magicDog/modules/server)
2025-10-02 20:24:45.732 DEBUG 57906 --- [           main] com.makebk.server.Application            : Running with Spring Boot v3.5.6, Spring v6.2.11
2025-10-02 20:24:45.732  INFO 57906 --- [           main] com.makebk.server.Application            : The following 1 profile is active: "dev"
2025-10-02 20:26:54.629  INFO 58190 --- [           main] c.m.s.i.DefaultSpringAppPreInitializer   : Spring 应用启动前置初始化程序! applicationContext = org.springframework.boot.web.servlet.context.AnnotationConfigServletWebServerApplicationContext@b672aa8, started on Thu Jan 01 08:00:00 CST 1970
2025-10-02 20:26:54.631  INFO 58190 --- [           main] com.makebk.server.Application            : Starting Application using Java 21.0.8 with PID 58190 (/Users/gme/development/kotlin/magicDog/modules/server/build/classes/kotlin/main started by gme in /Users/gme/development/kotlin/magicDog/modules/server)
2025-10-02 20:26:54.631 DEBUG 58190 --- [           main] com.makebk.server.Application            : Running with Spring Boot v3.5.6, Spring v6.2.11
2025-10-02 20:26:54.631  INFO 58190 --- [           main] com.makebk.server.Application            : The following 1 profile is active: "dev"
2025-10-02 20:28:58.487  INFO 58484 --- [           main] c.m.s.i.DefaultSpringAppPreInitializer   : Spring 应用启动前置初始化程序! applicationContext = org.springframework.boot.web.servlet.context.AnnotationConfigServletWebServerApplicationContext@b672aa8, started on Thu Jan 01 08:00:00 CST 1970
2025-10-02 20:28:58.488  INFO 58484 --- [           main] com.makebk.server.Application            : Starting Application using Java 21.0.8 with PID 58484 (/Users/gme/development/kotlin/magicDog/modules/server/build/classes/kotlin/main started by gme in /Users/gme/development/kotlin/magicDog/modules/server)
2025-10-02 20:28:58.489 DEBUG 58484 --- [           main] com.makebk.server.Application            : Running with Spring Boot v3.5.6, Spring v6.2.11
2025-10-02 20:28:58.489  INFO 58484 --- [           main] com.makebk.server.Application            : The following 1 profile is active: "dev"
2025-10-02 20:29:10.404  INFO 58542 --- [           main] c.m.s.i.DefaultSpringAppPreInitializer   : Spring 应用启动前置初始化程序! applicationContext = org.springframework.boot.web.servlet.context.AnnotationConfigServletWebServerApplicationContext@b672aa8, started on Thu Jan 01 08:00:00 CST 1970
2025-10-02 20:29:10.406  INFO 58542 --- [           main] com.makebk.server.Application            : Starting Application using Java 21.0.8 with PID 58542 (/Users/gme/development/kotlin/magicDog/modules/server/build/classes/kotlin/main started by gme in /Users/gme/development/kotlin/magicDog/modules/server)
2025-10-02 20:29:10.406 DEBUG 58542 --- [           main] com.makebk.server.Application            : Running with Spring Boot v3.5.6, Spring v6.2.11
2025-10-02 20:29:10.406  INFO 58542 --- [           main] com.makebk.server.Application            : The following 1 profile is active: "dev"
2025-10-02 20:32:18.530  INFO 58915 --- [           main] c.m.s.i.DefaultSpringAppPreInitializer   : Spring 应用启动前置初始化程序! applicationContext = org.springframework.boot.web.servlet.context.AnnotationConfigServletWebServerApplicationContext@332a7fce, started on Thu Jan 01 08:00:00 CST 1970
2025-10-02 20:32:18.533  INFO 58915 --- [           main] com.makebk.server.Application            : Starting Application using Java 21.0.8 with PID 58915 (/Users/gme/development/kotlin/magicDog/modules/server/build/classes/kotlin/main started by gme in /Users/gme/development/kotlin/magicDog/modules/server)
2025-10-02 20:32:18.533 DEBUG 58915 --- [           main] com.makebk.server.Application            : Running with Spring Boot v3.5.6, Spring v6.2.11
2025-10-02 20:32:18.533  INFO 58915 --- [           main] com.makebk.server.Application            : The following 1 profile is active: "dev"
2025-10-02 20:32:30.871  INFO 58989 --- [           main] c.m.s.i.DefaultSpringAppPreInitializer   : Spring 应用启动前置初始化程序! applicationContext = org.springframework.boot.web.servlet.context.AnnotationConfigServletWebServerApplicationContext@b672aa8, started on Thu Jan 01 08:00:00 CST 1970
2025-10-02 20:32:30.873  INFO 58989 --- [           main] com.makebk.server.Application            : Starting Application using Java 21.0.8 with PID 58989 (/Users/gme/development/kotlin/magicDog/modules/server/build/classes/kotlin/main started by gme in /Users/gme/development/kotlin/magicDog/modules/server)
2025-10-02 20:32:30.873 DEBUG 58989 --- [           main] com.makebk.server.Application            : Running with Spring Boot v3.5.6, Spring v6.2.11
2025-10-02 20:32:30.873  INFO 58989 --- [           main] com.makebk.server.Application            : The following 1 profile is active: "dev"
2025-10-02 20:36:26.949  INFO 59682 --- [           main] c.m.s.i.DefaultSpringAppPreInitializer   : Spring 应用启动前置初始化程序! applicationContext = org.springframework.boot.web.servlet.context.AnnotationConfigServletWebServerApplicationContext@664a9613, started on Thu Jan 01 08:00:00 CST 1970
2025-10-02 20:36:26.951  INFO 59682 --- [           main] com.makebk.server.Application            : Starting Application using Java 21.0.8 with PID 59682 (/Users/gme/development/kotlin/magicDog/modules/server/build/classes/kotlin/main started by gme in /Users/gme/development/kotlin/magicDog/modules/server)
2025-10-02 20:36:26.952 DEBUG 59682 --- [           main] com.makebk.server.Application            : Running with Spring Boot v3.5.6, Spring v6.2.11
2025-10-02 20:36:26.952  INFO 59682 --- [           main] com.makebk.server.Application            : The following 1 profile is active: "dev"
